生成启动时间为 2016/9/7 16:47:05。
     1>项目“E:\git\WinApiStudy\WebBrowser\WebBrowser.vcxproj”在节点 2 上(build 个目标)。
     1>InitializeBuildStatus:
         正在对“Debug\WebBrowser.unsuccessfulbuild”执行 Touch 任务。
       ClCompile:
         所有输出均为最新。
         所有输出均为最新。
       Link:
         E:\Program Files (x86)\Microsoft Visual Studio 10.0\VC\bin\link.exe /ERRORREPORT:PROMPT /OUT:"E:\git\WinApiStudy\Debug\WebBrowser.exe" /INCREMENTAL /NOLOGO kernel32.lib user32.lib gdi32.lib winspool.lib comdlg32.lib advapi32.lib shell32.lib ole32.lib oleaut32.lib uuid.lib odbc32.lib odbccp32.lib /MANIFEST /ManifestFile:"Debug\WebBrowser.exe.intermediate.manifest" /MANIFESTUAC:"level='asInvoker' uiAccess='false'" /DEBUG /PDB:"E:\git\WinApiStudy\Debug\WebBrowser.pdb" /SUBSYSTEM:WINDOWS /TLBID:1 /DYNAMICBASE /NXCOMPAT /IMPLIB:"E:\git\WinApiStudy\Debug\WebBrowser.lib" /MACHINE:X86 Debug\Library.obj
         Debug\main.obj
         Debug\WebBrowser.obj
         WebBrowser.vcxproj -> E:\git\WinApiStudy\Debug\WebBrowser.exe
       Manifest:
         C:\Program Files (x86)\Microsoft SDKs\Windows\v7.0A\bin\mt.exe /nologo /verbose /out:"E:\git\WinApiStudy\Debug\WebBrowser.exe.manifest" /manifest Debug\WebBrowser.exe.intermediate.manifest
       FinalizeBuildStatus:
         正在删除文件“Debug\WebBrowser.unsuccessfulbuild”。
         正在对“Debug\WebBrowser.lastbuildstate”执行 Touch 任务。
     1>已完成生成项目“E:\git\WinApiStudy\WebBrowser\WebBrowser.vcxproj”(build 个目标)的操作。

生成成功。

已用时间 00:00:00.25
